-----------------------------------------------------------------
1/2/2016, 2:46:52 PM:can not connect the target server,plaese check if your server is running or your network  connection is correct
Error: connect ECONNREFUSED 127.0.0.1:8889
    at Object.exports._errnoException (util.js:855:11)
    at exports._exceptionWithHostPort (util.js:878:20)
    at TCPConnectWrap.afterConnect [as oncomplete] (net.js:1063:14)
-----------------------------------------------------------------
-----------------------------------------------------------------
1/2/2016, 3:10:56 PM:normal error,this happened  probablely beacuse some bugs in program
TypeError: Cannot read property '0' of null
    at /home/lzh/document/seeing/client/dataCollector/sysInfo.js:199:14
-----------------------------------------------------------------
----
-----------------------------------------------------------------
1/2/2016, 3:11:57 PM:can not connect the target server,plaese check if your server is running or your network  connection is correct
Error: connect ECONNREFUSED 127.0.0.1:8889
    at Object.exports._errnoException (util.js:855:11)
    at exports._exceptionWithHostPort (util.js:878:20)
    at TCPConnectWrap.afterConnect [as oncomplete] (net.js:1063:14)
-----------------------------------------------------------------
-----------------------------------------------------------------
1/2/2016, 3:14:13 PM:can not connect the target server,plaese check if your server is running or your network  connection is correct
Error: connect ECONNREFUSED 127.0.0.1:8889
    at Object.exports._errnoException (util.js:855:11)
    at exports._exceptionWithHostPort (util.js:878:20)
    at TCPConnectWrap.afterConnect [as oncomplete] (net.js:1063:14)
-----------------------------------------------------------------
-----------------------------------------------------------------
1/2/2016, 3:14:52 PM:can not connect the target server,plaese check if your server is running or your network  connection is correct
Error: connect ECONNREFUSED 127.0.0.1:8889
    at Object.exports._errnoException (util.js:855:11)
    at exports._exceptionWithHostPort (util.js:878:20)
    at TCPConnectWrap.afterConnect [as oncomplete] (net.js:1063:14)
-----------------------------------------------------------------
-----------------------------------------------------------------
1/2/2016, 3:15:52 PM:can not connect the target server,plaese check if your server is running or your network  connection is correct
Error: connect ECONNREFUSED 127.0.0.1:8889
    at Object.exports._errnoException (util.js:855:11)
    at exports._exceptionWithHostPort (util.js:878:20)
    at TCPConnectWrap.afterConnect [as oncomplete] (net.js:1063:14)
-----------------------------------------------------------------
-----------------------------------------------------------------
1/2/2016, 3:18:09 PM:can not connect the target server,plaese check if your server is running or your network  connection is correct
Error: connect ECONNREFUSED 127.0.0.1:8889
    at Object.exports._errnoException (util.js:855:11)
    at exports._exceptionWithHostPort (util.js:878:20)
    at TCPConnectWrap.afterConnect [as oncomplete] (net.js:1063:14)
-----------------------------------------------------------------
-----------------------------------------------------------------
1/2/2016, 3:20:50 PM:can not connect the target server,plaese check if your server is running or your network  connection is correct
Error: connect ECONNREFUSED 127.0.0.1:8889
    at Object.exports._errnoException (util.js:855:11)
    at exports._exceptionWithHostPort (util.js:878:20)
    at TCPConnectWrap.afterConnect [as oncomplete] (net.js:1063:14)
-----------------------------------------------------------------
-----------------------------------------------------------------
1/2/2016, 3:25:57 PM:can not connect the target server,plaese check if your server is running or your network  connection is correct
Error: connect ECONNREFUSED 127.0.0.1:8889
    at Object.exports._errnoException (util.js:855:11)
    at exports._exceptionWithHostPort (util.js:878:20)
    at TCPConnectWrap.afterConnect [as oncomplete] (net.js:1063:14)
-----------------------------------------------------------------
-----------------------------------------------------------------
1/10/2016, 7:33:55 PM:can not connect the target server,plaese check if your server is running or your network  connection is correct
Error: connect ECONNREFUSED 127.0.0.1:8889
    at Object.exports._errnoException (util.js:855:11)
    at exports._exceptionWithHostPort (util.js:878:20)
    at TCPConnectWrap.afterConnect [as oncomplete] (net.js:1063:14)
-----------------------------------------------------------------
-----------------------------------------------------------------
3/2/2016, 10:42:49 PM:normal error,this happened  probablely beacuse some bugs in program
Error: Command failed: /bin/sh -c sudo node ./logmanager/logManager.js

/home/lzh/document/seeing/client/logmanager/processlog.js:164
					throw "updating process.log need stat.log`s infomation";
					^
updating process.log need stat.log`s infomation

    at ChildProcess.exithandler (child_process.js:213:12)
    at emitTwo (events.js:87:13)
    at ChildProcess.emit (events.js:172:7)
    at maybeClose (internal/child_process.js:818:16)
    at Process.ChildProcess._handle.onexit (internal/child_process.js:211:5)
-----------------------------------------------------------------
-----------------------------------------------------------------
3/2/2016, 10:42:51 PM:normal error,this happened  probablely beacuse some bugs in program
Error: ENOENT: no such file or directory, open 'logmanager/net.log'
    at Error (native)
-----------------------------------------------------------------

-----------------------------------------------------------------
3/2/2016, 10:42:51 PM:can not connect the target server,plaese check if your server is running or your network  connection is correct
Error: Command failed: /bin/sh -c node ./dataCollector/taskManager.js
fs.js:553
  return binding.close(fd);
                 ^

Error: EBADF: bad file descriptor, close
    at Error (native)
    at Object.fs.closeSync (fs.js:553:18)
    at /home/lzh/document/seeing/client/sysFunc.js:188:9
    at FSReqWrap.oncomplete (fs.js:82:15)

    at ChildProcess.exithandler (child_process.js:213:12)
    at emitTwo (events.js:87:13)
    at ChildProcess.emit (events.js:172:7)
    at maybeClose (internal/child_process.js:818:16)
    at Process.ChildProcess._handle.onexit (internal/child_process.js:211:5)
-----------------------------------------------------------------
-----------------------------------------------------------------
3/2/2016, 10:42:52 PM:normal error,this happened  probablely beacuse some bugs in program
Error: ENOENT: no such file or directory, open 'logmanager/net.log'
    at Error (native)
-----------------------------------------------------------------

-----------------------------------------------------------------
3/2/2016, 10:42:53 PM:normal error,this happened  probablely beacuse some bugs in program
Error: ENOENT: no such file or directory, open 'logmanager/disk.log'
    at Error (native)
-----------------------------------------------------------------
-----------------------------------------------------------------
3/2/2016, 10:42:54 PM:normal error,this happened  probablely beacuse some bugs in program
Error: ENOENT: no such file or directory, open 'logmanager/disk.log'
    at Error (native)
-----------------------------------------------------------------
-----------------------------------------------------------------
3/2/2016, 10:42:55 PM:normal error,this happened  probablely beacuse some bugs in program
Error: ENOENT: no such file or directory, open 'logmanager/disk.log'
    at Error (native)
-----------------------------------------------------------------
-----------------------------------------------------------------
3/2/2016, 10:42:56 PM:normal error,this happened  probablely beacuse some bugs in program
Error: ENOENT: no such file or directory, open 'logmanager/disk.log'
    at Error (native)
-----------------------------------------------------------------
-----------------------------------------------------------------
3/2/2016, 10:42:57 PM:normal error,this happened  probablely beacuse some bugs in program
Error: ENOENT: no such file or directory, open 'logmanager/net.log'
    at Error (native)
-----------------------------------------------------------------

-----------------------------------------------------------------
3/2/2016, 10:43:58 PM:normal error,this happened  probablely beacuse some bugs in program
Error: ENOENT: no such file or directory, open 'logmanager/net.log'
    at Error (native)
-----------------------------------------------------------------
-----------------------------------------------------------------
3/2/2016, 10:43:59 PM:normal error,this happened  probablely beacuse some bugs in program
Error: ENOENT: no such file or directory, open 'logmanager/net.log'
    at Error (native)
-----------------------------------------------------------------
-----------------------------------------------------------------
3/2/2016, 10:44:00 PM:normal error,this happened  probablely beacuse some bugs in program
Error: ENOENT: no such file or directory, open 'logmanager/net.log'
    at Error (native)
-----------------------------------------------------------------
-----------------------------------------------------------------
3/2/2016, 10:44:01 PM:normal error,this happened  probablely beacuse some bugs in program
Error: ENOENT: no such file or directory, open 'logmanager/net.log'
    at Error (native)
-----------------------------------------------------------------
-----------------------------------------------------------------
3/2/2016, 10:44:01 PM:normal error,this happened  probablely beacuse some bugs in program
TypeError: Cannot read property '0' of null
    at /home/lzh/document/seeing/client/dataCollector/sysInfo.js:199:14
-----------------------------------------------------------------
-----------------------------------------------------------------
3/2/2016, 10:44:02 PM:normal error,this happened  probablely beacuse some bugs in program
Error: ENOENT: no such file or directory, open 'logmanager/net.log'
    at Error (native)
-----------------------------------------------------------------
-----------------------------------------------------------------
3/2/2016, 10:44:03 PM:normal error,this happened  probablely beacuse some bugs in program
Error: ENOENT: no such file or directory, open 'logmanager/net.log'
    at Error (native)
-----------------------------------------------------------------
-----------------------------------------------------------------
3/2/2016, 10:44:05 PM:normal error,this happened  probablely beacuse some bugs in program
Error: ENOENT: no such file or directory, open 'logmanager/net.log'
    at Error (native)
-----------------------------------------------------------------
-----------------------------------------------------------------
3/2/2016, 10:44:05 PM:normal error,this happened  probablely beacuse some bugs in program
Error: ENOENT: no such file or directory, open 'logmanager/net.log'
    at Error (native)
-----------------------------------------------------------------
